[debug] [2020-07-09T04:51:18.906Z] ----------------------------------------------------------------------
[debug] [2020-07-09T04:51:18.908Z] Command:       D:\Program Files\nodejs\node.exe C:\Users\huan9\AppData\Roaming\npm\node_modules\firebase-tools\lib\bin\firebase.js init
[debug] [2020-07-09T04:51:18.908Z] CLI Version:   8.5.0
[debug] [2020-07-09T04:51:18.908Z] Platform:      win32
[debug] [2020-07-09T04:51:18.908Z] Node Version:  v12.18.0
[debug] [2020-07-09T04:51:18.910Z] Time:          Thu Jul 09 2020 00:51:18 GMT-0400 (GMT-04:00)
[debug] [2020-07-09T04:51:18.910Z] ----------------------------------------------------------------------
[debug] [2020-07-09T04:51:18.910Z] 
[debug] [2020-07-09T04:51:18.918Z] > command requires scopes: ["email","openid","https://www.googleapis.com/auth/cloudplatformprojects.readonly","https://www.googleapis.com/auth/firebase","https://www.googleapis.com/auth/cloud-platform"]
[debug] [2020-07-09T04:51:18.918Z] > authorizing via signed-in user
[info] 
     ######## #### ########  ######## ########     ###     ######  ########
     ##        ##  ##     ## ##       ##     ##  ##   ##  ##       ##
     ######    ##  ########  ######   ########  #########  ######  ######
     ##        ##  ##    ##  ##       ##     ## ##     ##       ## ##
     ##       #### ##     ## ######## ########  ##     ##  ######  ########

You're about to initialize a Firebase project in this directory:

  C:\Users\huan9\WebstormProjects\Color-Game-angular

Before we get started, keep in mind:

  * You are initializing in an existing Firebase project directory

